============================= test session starts ==============================
platform linux -- Python 3.12.3, pytest-8.4.1, pluggy-1.6.0
rootdir: /home/helge/diplomacy
plugins: anyio-4.9.0
collected 54 items / 10 errors

==================================== ERRORS ====================================
_____ ERROR collecting new_implementation/src/server/test_api_scheduler.py _____
ImportError while importing test module '/home/helge/diplomacy/new_implementation/src/server/test_api_scheduler.py'.
Hint: make sure your test modules/packages have valid Python names.
Traceback:
/usr/lib/python3.12/importlib/__init__.py:90: in import_module
    return _bootstrap._gcd_import(name[level:], package, level)
           ^^^^^^^^^^^^^^^^^^^^^^^^^^^^^^^^^^^^^^^^^^^^^^^^^^^^
new_implementation/src/server/test_api_scheduler.py:5: in <module>
    from server.api import app
new_implementation/src/server/api.py:17: in <module>
    from .db_session import SessionLocal
new_implementation/src/server/db_session.py:8: in <module>
    engine = create_engine(SQLALCHEMY_DATABASE_URL, echo=True, future=True)
             ^^^^^^^^^^^^^^^^^^^^^^^^^^^^^^^^^^^^^^^^^^^^^^^^^^^^^^^^^^^^^^
new_implementation/venv/lib/python3.12/site-packages/sqlalchemy/util/deprecations.py:281: in warned
    return fn(*args, **kwargs)  # type: ignore[no-any-return]
           ^^^^^^^^^^^^^^^^^^^
new_implementation/venv/lib/python3.12/site-packages/sqlalchemy/engine/create.py:602: in create_engine
    dbapi = dbapi_meth(**dbapi_args)
            ^^^^^^^^^^^^^^^^^^^^^^^^
new_implementation/venv/lib/python3.12/site-packages/sqlalchemy/dialects/postgresql/psycopg2.py:696: in import_dbapi
    import psycopg2
E   ModuleNotFoundError: No module named 'psycopg2'
_ ERROR collecting old_implementation/diplomacy/daide/tests/test_daide_game.py _
ImportError while importing test module '/home/helge/diplomacy/old_implementation/diplomacy/daide/tests/test_daide_game.py'.
Hint: make sure your test modules/packages have valid Python names.
Traceback:
/usr/lib/python3.12/importlib/__init__.py:90: in import_module
    return _bootstrap._gcd_import(name[level:], package, level)
           ^^^^^^^^^^^^^^^^^^^^^^^^^^^^^^^^^^^^^^^^^^^^^^^^^^^^
old_implementation/diplomacy/__init__.py:20: in <module>
    import coloredlogs
E   ModuleNotFoundError: No module named 'coloredlogs'
__ ERROR collecting old_implementation/diplomacy/daide/tests/test_requests.py __
ImportError while importing test module '/home/helge/diplomacy/old_implementation/diplomacy/daide/tests/test_requests.py'.
Hint: make sure your test modules/packages have valid Python names.
Traceback:
/usr/lib/python3.12/importlib/__init__.py:90: in import_module
    return _bootstrap._gcd_import(name[level:], package, level)
           ^^^^^^^^^^^^^^^^^^^^^^^^^^^^^^^^^^^^^^^^^^^^^^^^^^^^
old_implementation/diplomacy/__init__.py:20: in <module>
    import coloredlogs
E   ModuleNotFoundError: No module named 'coloredlogs'
_ ERROR collecting old_implementation/diplomacy/daide/tests/test_responses.py __
ImportError while importing test module '/home/helge/diplomacy/old_implementation/diplomacy/daide/tests/test_responses.py'.
Hint: make sure your test modules/packages have valid Python names.
Traceback:
/usr/lib/python3.12/importlib/__init__.py:90: in import_module
    return _bootstrap._gcd_import(name[level:], package, level)
           ^^^^^^^^^^^^^^^^^^^^^^^^^^^^^^^^^^^^^^^^^^^^^^^^^^^^
old_implementation/diplomacy/__init__.py:20: in <module>
    import coloredlogs
E   ModuleNotFoundError: No module named 'coloredlogs'
___ ERROR collecting old_implementation/diplomacy/daide/tests/test_tokens.py ___
ImportError while importing test module '/home/helge/diplomacy/old_implementation/diplomacy/daide/tests/test_tokens.py'.
Hint: make sure your test modules/packages have valid Python names.
Traceback:
/usr/lib/python3.12/importlib/__init__.py:90: in import_module
    return _bootstrap._gcd_import(name[level:], package, level)
           ^^^^^^^^^^^^^^^^^^^^^^^^^^^^^^^^^^^^^^^^^^^^^^^^^^^^
old_implementation/diplomacy/__init__.py:20: in <module>
    import coloredlogs
E   ModuleNotFoundError: No module named 'coloredlogs'
_ ERROR collecting old_implementation/diplomacy/integration/webdiplomacy_net/tests/test_game.py _
ImportError while importing test module '/home/helge/diplomacy/old_implementation/diplomacy/integration/webdiplomacy_net/tests/test_game.py'.
Hint: make sure your test modules/packages have valid Python names.
Traceback:
/usr/lib/python3.12/importlib/__init__.py:90: in import_module
    return _bootstrap._gcd_import(name[level:], package, level)
           ^^^^^^^^^^^^^^^^^^^^^^^^^^^^^^^^^^^^^^^^^^^^^^^^^^^^
old_implementation/diplomacy/__init__.py:20: in <module>
    import coloredlogs
E   ModuleNotFoundError: No module named 'coloredlogs'
_ ERROR collecting old_implementation/diplomacy/integration/webdiplomacy_net/tests/test_orders.py _
ImportError while importing test module '/home/helge/diplomacy/old_implementation/diplomacy/integration/webdiplomacy_net/tests/test_orders.py'.
Hint: make sure your test modules/packages have valid Python names.
Traceback:
/usr/lib/python3.12/importlib/__init__.py:90: in import_module
    return _bootstrap._gcd_import(name[level:], package, level)
           ^^^^^^^^^^^^^^^^^^^^^^^^^^^^^^^^^^^^^^^^^^^^^^^^^^^^
old_implementation/diplomacy/__init__.py:20: in <module>
    import coloredlogs
E   ModuleNotFoundError: No module named 'coloredlogs'
___ ERROR collecting old_implementation/diplomacy/maps/tests/test_map_gen.py ___
ImportError while importing test module '/home/helge/diplomacy/old_implementation/diplomacy/maps/tests/test_map_gen.py'.
Hint: make sure your test modules/packages have valid Python names.
Traceback:
/usr/lib/python3.12/importlib/__init__.py:90: in import_module
    return _bootstrap._gcd_import(name[level:], package, level)
           ^^^^^^^^^^^^^^^^^^^^^^^^^^^^^^^^^^^^^^^^^^^^^^^^^^^^
old_implementation/diplomacy/__init__.py:20: in <module>
    import coloredlogs
E   ModuleNotFoundError: No module named 'coloredlogs'
_ ERROR collecting old_implementation/diplomacy/tests/network/test_real_game.py _
ImportError while importing test module '/home/helge/diplomacy/old_implementation/diplomacy/tests/network/test_real_game.py'.
Hint: make sure your test modules/packages have valid Python names.
Traceback:
/usr/lib/python3.12/importlib/__init__.py:90: in import_module
    return _bootstrap._gcd_import(name[level:], package, level)
           ^^^^^^^^^^^^^^^^^^^^^^^^^^^^^^^^^^^^^^^^^^^^^^^^^^^^
old_implementation/diplomacy/__init__.py:20: in <module>
    import coloredlogs
E   ModuleNotFoundError: No module named 'coloredlogs'
_______ ERROR collecting old_implementation/diplomacy/tests/test_datc.py _______
ImportError while importing test module '/home/helge/diplomacy/old_implementation/diplomacy/tests/test_datc.py'.
Hint: make sure your test modules/packages have valid Python names.
Traceback:
/usr/lib/python3.12/importlib/__init__.py:90: in import_module
    return _bootstrap._gcd_import(name[level:], package, level)
           ^^^^^^^^^^^^^^^^^^^^^^^^^^^^^^^^^^^^^^^^^^^^^^^^^^^^
old_implementation/diplomacy/__init__.py:20: in <module>
    import coloredlogs
E   ModuleNotFoundError: No module named 'coloredlogs'
=========================== short test summary info ============================
ERROR new_implementation/src/server/test_api_scheduler.py
ERROR old_implementation/diplomacy/daide/tests/test_daide_game.py
ERROR old_implementation/diplomacy/daide/tests/test_requests.py
ERROR old_implementation/diplomacy/daide/tests/test_responses.py
ERROR old_implementation/diplomacy/daide/tests/test_tokens.py
ERROR old_implementation/diplomacy/integration/webdiplomacy_net/tests/test_game.py
ERROR old_implementation/diplomacy/integration/webdiplomacy_net/tests/test_orders.py
ERROR old_implementation/diplomacy/maps/tests/test_map_gen.py
ERROR old_implementation/diplomacy/tests/network/test_real_game.py
ERROR old_implementation/diplomacy/tests/test_datc.py
!!!!!!!!!!!!!!!!!!!!!!!!!! stopping after 10 failures !!!!!!!!!!!!!!!!!!!!!!!!!!
============================== 10 errors in 0.43s ==============================
