============================= test session starts ==============================
platform linux -- Python 3.13.5, pytest-8.4.1, pluggy-1.6.0 -- /usr/bin/python
cachedir: .pytest_cache
rootdir: /home/helgejalonen/diplomacy/new_implementation
plugins: anyio-4.9.0
collecting ... collected 60 items

src/engine/test_adjudication.py::test_support_cut PASSED                 [  1%]
src/engine/test_adjudication.py::test_standoff PASSED                    [  3%]
src/engine/test_adjudication.py::test_convoyed_move PASSED               [  5%]
src/engine/test_adjudication.py::test_dislodgement PASSED                [  6%]
src/engine/test_adjudication.py::test_beleaguered_garrison PASSED        [  8%]
src/engine/test_adjudication.py::test_support_cut_by_dislodgement PASSED [ 10%]
src/engine/test_adjudication.py::test_self_standoff PASSED               [ 11%]
src/engine/test_adjudication.py::test_complex_convoy_disruption PASSED   [ 13%]
src/engine/test_adjudication.py::test_circular_movement_fleet PASSED     [ 15%]
src/engine/test_adjudication.py::test_circular_movement_army PASSED      [ 16%]
src/engine/test_adjudication.py::test_army_and_fleet_invalid_moves PASSED [ 18%]
src/engine/test_adjudication.py::test_self_dislodgement_prohibited PASSED [ 20%]
src/engine/test_game.py::test_game_instantiation PASSED                  [ 21%]
src/engine/test_game_module.py::test_game_instantiation PASSED           [ 23%]
src/engine/test_integration.py::test_variant_map_loading_and_play PASSED [ 25%]
src/engine/test_integration.py::test_self_dislodgement_multi_power PASSED [ 26%]
src/engine/test_integration.py::test_order_validation_edge_cases PASSED  [ 28%]
src/engine/test_map_and_power.py::test_map_provinces PASSED              [ 30%]
src/engine/test_map_and_power.py::test_supply_centers PASSED             [ 31%]
src/engine/test_map_and_power.py::test_power_init PASSED                 [ 33%]
src/engine/test_map_and_power.py::test_power_gain_lose_center PASSED     [ 35%]
src/engine/test_map_and_power.py::test_get_locations_and_adjacency PASSED [ 36%]
src/engine/test_map_and_power.py::test_map_edge_cases PASSED             [ 38%]
src/engine/test_map_and_power.py::test_variant_map_integration PASSED    [ 40%]
src/engine/test_order.py::test_order_parse PASSED                        [ 41%]
src/engine/test_order.py::test_order_validate PASSED                     [ 43%]
src/server/test_api_scheduler.py::test_scheduler_status PASSED           [ 45%]
src/server/test_api_scheduler.py::test_deadline_endpoints PASSED         [ 46%]
src/server/test_daide_protocol.py::test_daide_server_echo PASSED         [ 48%]
src/server/test_daide_protocol.py::test_daide_server_hlo_creates_game_and_player PASSED [ 50%]
src/server/test_daide_protocol.py::test_daide_server_ord_sets_orders PASSED [ 51%]
src/server/test_daide_protocol.py::test_daide_server_negotiation_messages PASSED [ 53%]
src/server/test_daide_protocol.py::test_daide_server_invalid_ord_context 