============================= test session starts ==============================
platform linux -- Python 3.13.5, pytest-8.4.1, pluggy-1.6.0 -- /usr/bin/python
cachedir: .pytest_cache
rootdir: /home/helgejalonen/diplomacy/new_implementation
plugins: anyio-4.9.0
collecting ... collected 26 items

!!!!!!!!!!!!!!!!!!!!!!!!!!!!!! KeyboardInterrupt !!!!!!!!!!!!!!!!!!!!!!!!!!!!!!!
/usr/lib/python3.13/enum.py:498: KeyboardInterrupt
(to show a full traceback on KeyboardInterrupt use --full-trace)
============================ no tests ran in 1.87s =============================
