============================= test session starts ==============================
platform linux -- Python 3.13.5, pytest-8.4.1, pluggy-1.6.0 -- /usr/bin/python
cachedir: .pytest_cache
rootdir: /home/helgejalonen/diplomacy/new_implementation
plugins: anyio-4.9.0
collecting ... collected 64 items

src/engine/test_adjudication.py::test_support_cut PASSED                 [  1%]
src/engine/test_adjudication.py::test_standoff PASSED                    [  3%]
src/engine/test_adjudication.py::test_convoyed_move PASSED               [  4%]
src/engine/test_adjudication.py::test_dislodgement PASSED                [  6%]
src/engine/test_adjudication.py::test_beleaguered_garrison PASSED        [  7%]
src/engine/test_adjudication.py::test_support_cut_by_dislodgement PASSED [  9%]
src/engine/test_adjudication.py::test_self_standoff PASSED               [ 10%]
src/engine/test_adjudication.py::test_complex_convoy_disruption PASSED   [ 12%]
src/engine/test_adjudication.py::test_circular_movement_fleet PASSED     [ 14%]
src/engine/test_adjudication.py::test_circular_movement_army PASSED      [ 15%]
src/engine/test_adjudication.py::test_army_and_fleet_invalid_moves PASSED [ 17%]
src/engine/test_adjudication.py::test_self_dislodgement_prohibited PASSED [ 18%]
src/engine/test_game.py::test_game_instantiation PASSED                  [ 20%]
src/engine/test_game_module.py::test_game_instantiation PASSED           [ 21%]
src/engine/test_integration.py::test_variant_map_loading_and_play PASSED [ 23%]
src/engine/test_integration.py::test_self_dislodgement_multi_power PASSED [ 25%]
src/engine/test_integration.py::test_order_validation_edge_cases PASSED  [ 26%]
src/engine/test_map_and_power.py::test_map_provinces PASSED              [ 28%]
src/engine/test_map_and_power.py::test_supply_centers PASSED             [ 29%]
src/engine/test_map_and_power.py::test_power_init PASSED                 [ 31%]
src/engine/test_map_and_power.py::test_power_gain_lose_center PASSED     [ 32%]
src/engine/test_map_and_power.py::test_get_locations_and_adjacency PASSED [ 34%]
src/engine/test_map_and_power.py::test_map_edge_cases PASSED             [ 35%]
src/engine/test_map_and_power.py::test_variant_map_integration PASSED    [ 37%]
src/engine/test_order.py::test_order_parse PASSED                        [ 39%]
src/engine/test_order.py::test_order_validate PASSED                     [ 40%]
src/server/test_api_scheduler.py::test_scheduler_status PASSED           [ 42%]
src/server/test_api_scheduler.py::test_deadline_endpoints PASSED         [ 43%]
src/server/test_api_scheduler.py::test_deadline_past_on_startup SKIPPED  [ 45%]
src/server/test_api_scheduler.py::test_overlapping_deadlines SKIPPED     [ 46%]
src/server/test_api_scheduler.py::test_reminder_and_notification SKIPPED [ 48%]
src/server/test_api_scheduler.py::test_deadline_set_to_now SKIPPED (...) [ 50%]
src/server/test_daide_protocol.py::test_daide_server_echo PASSED         [ 51%]
src/server/test_daide_protocol.py::test_daide_server_hlo_creates_game_and_player PASSED [ 53%]
src/server/test_daide_protocol.py::test_daide_server_ord_sets_orders PASSED [ 54%]
src/server/test_daide_protocol.py::test_daide_server_negotiation_messages PASSED [ 56%]
src/server/test_daide_protocol.py::test_daide_server_invalid_ord_context PASSED [ 57%]
src/server/test_daide_protocol.py::test_daide_server_invalid_message PASSED [ 59%]
src/server/test_server.py::test_server_initialization PASSED             [ 60%]
src/server/test_server.py::test_server_accepts_commands PASSED           [ 62%]
src/server/test_server.py::test_server_create_and_query_game PASSED      [ 64%]
src/server/test_server.py::test_server_add_player_and_set_orders PASSED  [ 65%]
src/server/test_server.py::test_server_process_turn_and_game_done PASSED [ 67%]
src/server/test_server.py::test_server_invalid_command PASSED            [ 68%]
src/server/test_server.py::test_server_missing_arguments PASSED          [ 70%]
src/server/test_server.py::test_server_save_and_load_game PASSED         [ 71%]
src/server/test_server_advanced.py::test_multiple_concurrent_games PASSED [ 73%]
src/server/test_server_advanced.py::test_game_isolation_with_orders PASSED [ 75%]
src/server/test_server_advanced.py::test_remove_player_command PASSED    [ 76%]
src/server/test_server_advanced.py::test_remove_player_error_cases PASSED [ 78%]
src/server/test_server_advanced.py::test_advance_phase_command PASSED    [ 79%]
src/server/test_server_advanced.py::test_advance_phase_error_cases PASSED [ 81%]
src/server/test_server_advanced.py::test_game_state_isolation PASSED     [ 82%]
src/server/test_server_advanced.py::test_concurrent_game_limit PASSED    [ 84%]
src/server/test_server_advanced.py::test_save_load_with_multiple_games PASSED [ 85%]
src/server/test_server_advanced.py::test_remove_last_player PASSED       [ 87%]
src/server/test_server_advanced.py::test_remove_player_with_pending_state PASSED [ 89%]
src/server/test_server_advanced.py::test_remove_player_twice PASSED      [ 90%]
src/server/test_server_advanced.py::test_advance_phase_with_no_players PASSED [ 92%]
src/server/test_server_advanced.py::test_advance_phase_with_no_orders PASSED [ 93%]
src/server/test_server_advanced.py::test_order_history_and_clearing PASSED [ 95%]
src/server/test_server_advanced.py::test_persistent_user_registration_and_multi_game PASSED [ 96%]
src/tests/test_client.py::test_client_server_interaction PASSED          [ 98%]
src/tests/test_client.py::test_client_error_handling PASSED              [100%]

======================== 60 passed, 4 skipped in 1.69s =========================
